make all --print-data-base --no-builtin-variables --no-builtin-rules --question
make: *** No rule to make target 'all'.  Stop.

# GNU Make 4.2.1
# Built for x86_64-pc-linux-gnu
# Copyright (C) 1988-2016 Free Software Foundation, Inc.
# License GPLv3+: GNU GPL version 3 or later <http://gnu.org/licenses/gpl.html>
# This is free software: you are free to change and redistribute it.
# There is NO WARRANTY, to the extent permitted by law.

# Make data base, printed on Tue Aug  9 03:04:17 2022

# Variables

# 'override' directive
GNUMAKEFLAGS := 
# environment
JENV_SHELL = bash
# automatic
?F = $(notdir $?)
# automatic
<D = $(patsubst %/,%,$(dir $<))
# environment
PAPERSIZE = a4
# environment
DESKTOP_SESSION = ubuntu-wayland
# default
.SHELLFLAGS := -c
# environment
XDG_SESSION_CLASS = user
# environment
GDK_PIXBUF_MODULE_FILE = /home/idtaleb/snap/code/common/.cache/gdk-pixbuf-loaders.cache
# environment
SNAP_COMMON = /var/snap/code/common
# environment
XDG_SESSION_TYPE = wayland
# automatic
?D = $(patsubst %/,%,$(dir $?))
# environment
IM_CONFIG_PHASE = 1
# automatic
@D = $(patsubst %/,%,$(dir $@))
# environment
XAUTHORITY = /run/user/1000/.mutter-Xwaylandauth.5UPRQ1
# environment
GDMSESSION = ubuntu-wayland
# environment
XMODIFIERS = @im=ibus
# makefile
CURDIR := /home/idtaleb/Bureau/MazeProject-Python
# makefile
SHELL = /bin/sh
# environment
SNAP_DATA = /var/snap/code/103
# environment
VSCODE_NLS_CONFIG = {"locale":"fr","availableLanguages":{"*":"fr"},"_languagePackId":"b0bb751258a71d5203cf053d90ac9f6f.fr","_translationsConfigFile":"/home/idtaleb/.config/Code/clp/b0bb751258a71d5203cf053d90ac9f6f.fr/tcf.json","_cacheRoot":"/home/idtaleb/.config/Code/clp/b0bb751258a71d5203cf053d90ac9f6f.fr","_resolvedLanguagePackCoreLocation":"/home/idtaleb/.config/Code/clp/b0bb751258a71d5203cf053d90ac9f6f.fr/da76f93349a72022ca4670c1b84860304616aaa2","_corruptedFile":"/home/idtaleb/.config/Code/clp/b0bb751258a71d5203cf053d90ac9f6f.fr/corrupted.info","_languagePackSupport":true}
# environment
JOURNAL_STREAM = 8:48676
# environment
XDG_CONFIG_DIRS = /etc/xdg/xdg-ubuntu-wayland:/etc/xdg
# environment
SNAP_INSTANCE_NAME = code
# environment
SNAP_ARCH = amd64
# makefile (from 'makefile', line 1)
MAKEFILE_LIST :=  makefile
# automatic
@F = $(notdir $@)
# environment
GIO_LAUNCHED_DESKTOP_FILE = /var/lib/snapd/desktop/applications/code_code.desktop
# environment
USERNAME = idtaleb
# environment
MAKELEVEL := 0
# environment
XDG_DATA_DIRS = /usr/share/ubuntu-wayland:/usr/local/share/:/usr/share/:/var/lib/snapd/desktop
# environment
DBUS_SESSION_BUS_ADDRESS = unix:path=/run/user/1000/bus
# environment
_ = /snap/code/103/usr/share/code/code
# environment
MANAGERPID = 1381
# environment
LC_NAME = fr_FR.UTF-8
# environment
VSCODE_CWD = /home/idtaleb
# environment
GSETTINGS_SCHEMA_DIR = /snap/code/103/usr/share/glib-2.0/schemas
# default
MAKE_HOST := x86_64-pc-linux-gnu
# environment
PATH = /home/idtaleb/.jenv/shims:/home/idtaleb/.jenv/bin:/home/idtaleb/.jenv/shims:/home/idtaleb/.jenv/bin:/usr/local/sbin:/usr/local/bin:/usr/sbin:/usr/bin:/sbin:/bin:/usr/games:/usr/local/games:/snap/bin:/home/idtaleb/.dotnet/tools:/home/idtaleb/.dotnet/tools
# environment
SESSION_MANAGER = local/idtaleb-Latitude-E5470:@/tmp/.ICE-unix/1806,unix/idtaleb-Latitude-E5470:/tmp/.ICE-unix/1806
# environment
XDG_RUNTIME_DIR = /run/user/1000
# environment
SSH_AGENT_LAUNCHER = gnome-keyring
# environment
SNAP = /snap/code/103
# environment
SONAR_TOKEN = 843fd0bbdc148b64dd1b15694e2c52a0444b5508
# environment
SNAP_VERSION = da76f933
# environment
XDG_MENU_PREFIX = gnome-
# environment
DISABLE_WAYLAND = 1
# environment
ELECTRON_RUN_AS_NODE = 1
# environment
INVOCATION_ID = 00073900f85b4ce9bab8de18916b1884
# environment
GDK_PIXBUF_MODULEDIR = /snap/code/103/usr/lib/x86_64-linux-gnu/gdk-pixbuf-2.0/2.10.0/loaders
# default
.FEATURES := target-specific order-only second-expansion else-if shortest-stem undefine oneshell archives jobserver output-sync check-symlink load
# environment
XDG_SESSION_DESKTOP = ubuntu-wayland
# environment
SSH_AUTH_SOCK = /run/user/1000/keyring/ssh
# environment
GIO_LAUNCHED_DESKTOP_FILE_PID = 20225
# automatic
%F = $(notdir $%)
# environment
DISPLAY = :0
# environment
GNOME_SETUP_DISPLAY = :1
# environment
SNAP_INSTANCE_KEY = 
# environment
PWD = /home/idtaleb/Bureau/MazeProject-Python
# default
.LOADED := 
# environment
ORIGINAL_XDG_CURRENT_DESKTOP = ubuntu:GNOME
# environment
GTK_MODULES = gail:atk-bridge
# environment
VSCODE_AMD_ENTRYPOINT = vs/workbench/api/node/extensionHostProcess
# environment
HOME = /home/idtaleb
# environment
VSCODE_CLI = 1
# environment
VSCODE_CODE_CACHE_PATH = /home/idtaleb/.config/Code/CachedData/da76f93349a72022ca4670c1b84860304616aaa2
# environment
LOGNAME = idtaleb
# environment
APPLICATION_INSIGHTS_NO_DIAGNOSTIC_CHANNEL = 1
# environment
SNAP_LIBRARY_PATH = /var/lib/snapd/lib/gl:/var/lib/snapd/lib/gl32:/var/lib/snapd/void
# environment
SNAP_CONTEXT = yaULO0fVfYv-1901QcpZfR7wbcoC-kz8AZP5MNuiVgA3rnBRfeRK
# automatic
+F = $(notdir $+)
# environment
ELECTRON_NO_ATTACH_CONSOLE = 1
# environment
SNAP_USER_COMMON = /home/idtaleb/snap/code/common
# environment
VSCODE_HANDLES_UNCAUGHT_ERRORS = true
# environment
GNOME_DESKTOP_SESSION_ID = this-is-deprecated
# automatic
^D = $(patsubst %/,%,$(dir $^))
# environment
LC_TIME = fr_FR.UTF-8
# environment
SNAP_REAL_HOME = /home/idtaleb
# default
MAKE = $(MAKE_COMMAND)
# default
MAKECMDGOALS := all
# environment
QT_IM_MODULE = ibus
# environment
SNAP_USER_DATA = /home/idtaleb/snap/code/103
# environment
SHLVL = 0
# environment
GNOME_SHELL_SESSION_MODE = ubuntu
# default
MAKE_VERSION := 4.2.1
# environment
USER = idtaleb
# environment
SNAP_REVISION = 103
# environment
LC_MONETARY = fr_FR.UTF-8
# makefile
.DEFAULT_GOAL := exe
# environment
XDG_CURRENT_DESKTOP = Unity
# environment
JENV_LOADED = 1
# automatic
%D = $(patsubst %/,%,$(dir $%))
# environment
LC_TELEPHONE = fr_FR.UTF-8
# default
MAKE_COMMAND := make
# default
.VARIABLES := 
# automatic
*F = $(notdir $*)
# environment
LANGUAGE = fr_FR:en_US:en
# environment
VSCODE_IPC_HOOK = /run/user/1000/vscode-d081213b-1.70.0-main.sock
# environment
BAMF_DESKTOP_FILE_HINT = /var/lib/snapd/desktop/applications/code_code.desktop
# makefile
MAKEFLAGS = pqrR
# environment
MFLAGS = -pqrR
# automatic
*D = $(patsubst %/,%,$(dir $*))
# automatic
+D = $(patsubst %/,%,$(dir $+))
# environment
GDK_BACKEND = x11
# environment
LC_PAPER = fr_FR.UTF-8
# environment
LC_IDENTIFICATION = fr_FR.UTF-8
# environment
QT_ACCESSIBILITY = 1
# default
MAKEFILES := 
# environment
SNAP_COOKIE = yaULO0fVfYv-1901QcpZfR7wbcoC-kz8AZP5MNuiVgA3rnBRfeRK
# environment
LC_NUMERIC = fr_FR.UTF-8
# automatic
<F = $(notdir $<)
# environment
LC_MEASUREMENT = fr_FR.UTF-8
# environment
SNAP_NAME = code
# environment
LC_ALL = C
# environment
GJS_DEBUG_TOPICS = JS ERROR;JS LOG
# automatic
^F = $(notdir $^)
# default
SUFFIXES := 
# environment
WAYLAND_DISPLAY = wayland-0
# environment
SNAP_REEXEC = 
# environment
CHROME_DESKTOP = code-url-handler.desktop
# default
.INCLUDE_DIRS = /usr/include /usr/local/include /usr/include
# environment
GJS_DEBUG_OUTPUT = stderr
# default
.RECIPEPREFIX := 
# environment
IM_CONFIG_CHECK_ENV = 1
# environment
LC_ADDRESS = fr_FR.UTF-8
# environment
LANG = C
# environment
VSCODE_PID = 20273
# variable set hash-table stats:
# Load=127/1024=12%, Rehash=0, Collisions=24/152=16%

# Pattern-specific Variable Values

# No pattern-specific variable values.

# Directories

# . (device 2056, inode 591406): 8 files, no impossibilities.

# 8 files, no impossibilities in 1 directories.

 
# Implicit Rules

# No implicit rules.

# Files

exe:
#  Implicit rule search has not been done.
#  Modification time never checked.
#  File has not been updated.
#  recipe to execute (from 'makefile', line 2):
	python3 src/main.py 

# Not a target:
all:
#  Command line target.
#  Implicit rule search has been done.
#  File does not exist.
#  File has not been updated.

# Not a target:
makefile:
#  Implicit rule search has been done.
#  Last modified 2022-08-09 01:59:12.679546201
#  File has been updated.
#  Successfully updated.

# Not a target:
.DEFAULT:
#  Implicit rule search has not been done.
#  Modification time never checked.
#  File has not been updated.

# files hash-table stats:
# Load=5/1024=0%, Rehash=0, Collisions=0/15=0%
# VPATH Search Paths

# No 'vpath' search paths.

# No general ('VPATH' variable) search path.

# strcache buffers: 1 (0) / strings = 14 / storage = 109 B / avg = 7 B
# current buf: size = 8162 B / used = 109 B / count = 14 / avg = 7 B

# strcache performance: lookups = 19 / hit rate = 26%
# hash-table stats:
# Load=14/8192=0%, Rehash=0, Collisions=1/19=5%
# Finished Make data base on Tue Aug  9 03:04:17 2022

 
